 _________________________________ 
|                                 |
| ....... 'APOUC' LANGUAGE ...... |
|///// /\------\\\\\\\\\|
|//// // \  _ \\\\\\\  |
|/// //___\   __/\\           |
|// //     \__\\\            |
|\\  *  / // /\\             |
|\\\___/ // /\\             |
|\\\\/ // /\\\             |
|///////\ \ \\\\            |
|///////\ \ \\\\\\\\  |
|//////\\    \\\\\\\\\|
| .. ALGONQUIN COLLEGE - 2022F .. |
|_________________________________|

[Option 'R': Starting READER .....]

Reading file INPUT0_Empty.apc ....Please wait

Printing buffer parameters:

The capacity of the buffer is:  250
The current size of the buffer is:  0
The operational mode of the buffer is: f
The increment factor of the buffer is:  1
The first symbol in the buffer is:   
The value of the flags field is: 04
Number of different chars read: 0

Printing buffer contents:

Empty buffer
